git config --global user.name "skat441"
git config --global user.e-mail "knovopashen44@gmail.com"
git config --global init.defaultBranch main
apt update
apt install git gh
ssh-keygen -t ed25519 -f ~/.ssh/skat441
gh auth login
gh auth setup-git --hostname github.com
gh repo create --public eltex-practice
mkdir ~/eltex-practice && cd ~/eltex-practice
echo "#This is my repos for practice in eltex" >> README.md
git init
git add README.md
git commit -m "first commit"
git branch -M main
git remote add origin https://github.com/skat441/eltex-practice.git
git status
git push -u origin main
mkdir -p module1/task1
mkdir module1/task2
mkdir module1/task3
git add .
git status
git commit
git push

